2019-04-20 23:26:52.665 [vidly] info: Listening on port 3000...
2019-04-20 23:26:53.771 [vidly] info: Connected to MongoDB...
2019-04-20 23:26:59.794 [vidly] info: Listening on port 3000...
2019-04-20 23:27:00.868 [vidly] info: Connected to MongoDB...
2019-04-20 23:28:09.441 [vidly] info: Listening on port 3000...
2019-04-20 23:28:10.539 [vidly] info: Connected to MongoDB...
2019-04-20 23:28:58.902 [vidly] info: Listening on port 3000...
2019-04-20 23:28:59.995 [vidly] info: Connected to MongoDB...
2019-04-20 23:30:09.842 [vidly] info: Listening on port 3000...
2019-04-20 23:30:11.004 [vidly] info: Connected to MongoDB...
2019-04-21 18:47:17.098 [vidly] info: Listening on port 3000...
2019-04-21 18:47:54.736 [vidly] info: Listening on port 3000...
2019-04-21 18:47:55.945 [vidly] info: Connected to mongodb://localhost/vidly...
2019-04-21 19:04:24.034 [vidly] info: Listening on port 3000...
2019-04-21 19:04:25.157 [vidly] info: Connected to mongodb://localhost/vidly_tests...
2019-04-21 19:24:24.275 [vidly] info: Listening on port 3000...
2019-04-21 19:24:25.392 [vidly] info: Connected to mongodb://localhost/vidly_tests...
2019-04-21 19:27:33.238 [vidly] info: Listening on port 3000...
2019-04-21 19:29:10.796 [vidly] info: Listening on port 3000...
2019-04-21 19:29:11.922 [vidly] info: Connected to mongodb://localhost/vidly_tests...
2019-04-21 19:31:20.297 [vidly] info: Listening on port 3000...
2019-04-21 19:31:21.414 [vidly] info: Connected to mongodb://localhost/vidly_tests...
2019-04-21 19:38:17.110 [vidly] info: Listening on port 3000...
2019-04-21 19:39:28.604 [vidly] info: Listening on port 3000...
2019-04-21 19:41:15.577 [vidly] info: Listening on port 3000...
2019-04-21 19:42:05.883 [vidly] info: Connected to mongodb://localhost/vidly...
2019-04-21 19:43:02.558 [vidly] info: Listening on port 3000...
2019-04-21 19:43:03.650 [vidly] info: Connected to mongodb://localhost/vidly...
2019-04-21 19:43:49.912 [vidly] info: Listening on port 3000...
2019-04-21 19:43:51.011 [vidly] info: Connected to mongodb://localhost/vidly...
2019-04-21 19:44:34.679 [vidly] info: Listening on port 3000...
2019-04-21 19:44:35.765 [vidly] info: Connected to mongodb://localhost/vidly_tests...
2019-04-21 19:48:28.829 [vidly] info: Listening on port 3000...
2019-04-21 19:48:29.949 [vidly] info: Connected to mongodb://localhost/vidly_tests...
2019-04-21 19:49:42.780 [vidly] info: Listening on port 3000...
2019-04-21 19:49:43.872 [vidly] info: Connected to mongodb://localhost/vidly_tests...
2019-04-21 19:57:45.787 [vidly] info: Listening on port 3000...
2019-04-21 19:57:46.883 [vidly] info: Connected to mongodb://localhost/vidly_tests...
2019-04-21 19:58:34.827 [vidly] info: Listening on port 3000...
2019-04-21 19:58:35.957 [vidly] info: Connected to mongodb://localhost/vidly_tests...
2019-04-21 19:58:42.804 [vidly] info: Listening on port 3000...
2019-04-21 19:59:17.447 [vidly] info: Listening on port 3000...
2019-04-21 19:59:18.512 [vidly] info: Connected to mongodb://localhost/vidly_tests...
2019-04-21 20:00:12.367 [vidly] info: Listening on port 3000...
2019-04-21 20:00:13.446 [vidly] info: Connected to mongodb://localhost/vidly_tests...
2019-04-21 20:00:42.506 [vidly] info: Listening on port 3000...
2019-04-21 20:00:43.575 [vidly] info: Connected to mongodb://localhost/vidly_tests...
2019-04-21 20:03:02.209 [vidly] info: Listening on port 3000...
2019-04-21 20:03:03.301 [vidly] info: Connected to mongodb://localhost/vidly_tests...
2019-04-21 20:05:43.851 [vidly] info: Listening on port 3000...
2019-04-21 20:05:44.946 [vidly] info: Connected to mongodb://localhost/vidly_tests...
2019-04-21 20:08:17.183 [vidly] info: Listening on port 3000...
2019-04-21 20:08:18.270 [vidly] info: Connected to mongodb://localhost/vidly_tests...
2019-04-21 20:09:33.101 [vidly] info: Listening on port 3000...
2019-04-21 20:09:34.567 [vidly] info: Connected to mongodb://localhost/vidly_tests...
2019-04-21 20:10:17.452 [vidly] info: Listening on port 3000...
2019-04-21 20:10:18.555 [vidly] info: Connected to mongodb://localhost/vidly_tests...
2019-04-21 20:10:34.626 [vidly] info: Listening on port 3000...
2019-04-21 20:10:35.727 [vidly] info: Connected to mongodb://localhost/vidly_tests...
2019-04-21 20:12:12.677 [vidly] info: Listening on port 3000...
2019-04-21 20:12:13.757 [vidly] info: Connected to mongodb://localhost/vidly_tests...
2019-04-21 20:14:56.036 [vidly] info: Listening on port 3000...
2019-04-21 20:14:57.155 [vidly] info: Connected to mongodb://localhost/vidly_tests...
2019-04-21 20:15:27.715 [vidly] info: Listening on port 3000...
2019-04-21 20:15:28.802 [vidly] info: Connected to mongodb://localhost/vidly_tests...
2019-04-21 20:21:18.444 [vidly] info: Listening on port 3000...
2019-04-21 20:21:19.524 [vidly] info: Connected to mongodb://localhost/vidly_tests...
2019-04-21 20:27:08.641 [vidly] info: Listening on port 3000...
2019-04-21 20:27:09.734 [vidly] info: Connected to mongodb://localhost/vidly_tests...
2019-04-21 20:28:41.258 [vidly] info: Listening on port 3000...
2019-04-21 20:28:42.347 [vidly] info: Connected to mongodb://localhost/vidly_tests...
2019-04-21 20:33:04.937 [vidly] info: Listening on port 3000...
2019-04-21 20:33:06.022 [vidly] info: Connected to mongodb://localhost/vidly_tests...
2019-04-21 20:33:46.151 [vidly] info: Listening on port 3000...
2019-04-21 20:33:47.313 [vidly] info: Connected to mongodb://localhost/vidly_tests...
2019-04-21 20:36:57.356 [vidly] info: Listening on port 3000...
2019-04-21 20:36:58.444 [vidly] info: Connected to mongodb://localhost/vidly_tests...
2019-04-21 20:39:27.294 [vidly] info: Listening on port 3000...
2019-04-21 20:39:28.396 [vidly] info: Connected to mongodb://localhost/vidly_tests...
2019-04-21 20:40:18.643 [vidly] info: Listening on port 3000...
2019-04-21 20:40:19.722 [vidly] info: Connected to mongodb://localhost/vidly_tests...
2019-04-21 20:41:19.724 [vidly] info: Listening on port 3000...
2019-04-21 20:41:20.808 [vidly] info: Connected to mongodb://localhost/vidly_tests...
2019-04-21 20:43:16.889 [vidly] info: Listening on port 3000...
2019-04-21 20:43:17.972 [vidly] info: Connected to mongodb://localhost/vidly_tests...
2019-04-21 20:43:52.335 [vidly] info: Listening on port 3000...
2019-04-21 20:43:53.421 [vidly] info: Connected to mongodb://localhost/vidly_tests...
2019-04-21 20:49:03.785 [vidly] info: Listening on port 3000...
2019-04-21 20:49:04.892 [vidly] info: Connected to mongodb://localhost/vidly_tests...
2019-04-21 20:52:31.183 [vidly] info: Listening on port 3000...
2019-04-21 20:52:32.411 [vidly] info: Connected to mongodb://localhost/vidly_tests...
2019-04-21 20:53:30.979 [vidly] info: Listening on port 3000...
2019-04-21 20:53:32.088 [vidly] info: Connected to mongodb://localhost/vidly_tests...
2019-04-21 20:54:25.566 [vidly] info: Listening on port 3000...
2019-04-21 20:54:26.739 [vidly] info: Connected to mongodb://localhost/vidly_tests...
2019-04-21 20:58:26.419 [vidly] info: Listening on port 3000...
2019-04-21 20:58:27.504 [vidly] info: Connected to mongodb://localhost/vidly_tests...
2019-04-21 21:00:04.067 [vidly] info: Listening on port 3000...
2019-04-21 21:00:05.168 [vidly] info: Connected to mongodb://localhost/vidly_tests...
2019-04-21 21:00:29.341 [vidly] info: Listening on port 3000...
2019-04-21 21:00:30.445 [vidly] info: Connected to mongodb://localhost/vidly_tests...
2019-04-21 21:00:51.025 [vidly] info: Listening on port 3000...
2019-04-21 21:00:52.128 [vidly] info: Connected to mongodb://localhost/vidly_tests...
2019-04-22 22:21:04.493 [vidly] info: Listening on port 3000...
2019-04-22 22:21:05.616 [vidly] info: Connected to mongodb://localhost/vidly_tests...
2019-04-22 22:32:35.163 [vidly] info: Listening on port 3000...
2019-04-22 22:32:36.244 [vidly] info: Connected to mongodb://localhost/vidly_tests...
2019-04-22 22:37:45.797 [vidly] info: Listening on port 3000...
2019-04-22 22:37:47.019 [vidly] info: Connected to mongodb://localhost/vidly_tests...
2019-04-22 22:44:58.424 [vidly] info: Listening on port 3000...
2019-04-22 22:44:59.506 [vidly] info: Connected to mongodb://localhost/vidly_tests...
2019-04-22 22:47:13.105 [vidly] info: Listening on port 3000...
2019-04-22 22:47:14.296 [vidly] info: Connected to mongodb://localhost/vidly_tests...
2019-04-22 22:47:16.551 [vidly] error: newGenre is not defined
ReferenceError: newGenre is not defined
    at Object.newGenre [as createGenre] (C:\Projects\node\vidly\store\genres.js:10:15)
2019-04-22 22:50:17.672 [vidly] info: Listening on port 3000...
2019-04-22 22:50:18.771 [vidly] info: Connected to mongodb://localhost/vidly_tests...
2019-04-22 22:50:47.603 [vidly] info: Listening on port 3000...
2019-04-22 22:50:48.709 [vidly] info: Connected to mongodb://localhost/vidly_tests...
2019-04-22 22:56:17.530 [vidly] info: Listening on port 3000...
2019-04-22 22:56:18.607 [vidly] info: Connected to mongodb://localhost/vidly_tests...
2019-04-22 23:00:53.369 [vidly] info: Listening on port 3000...
2019-04-22 23:00:54.462 [vidly] info: Connected to mongodb://localhost/vidly_tests...
2019-04-22 23:03:18.944 [vidly] info: Listening on port 3000...
2019-04-22 23:03:20.033 [vidly] info: Connected to mongodb://localhost/vidly_tests...
2019-04-23 07:35:48.621 [vidly] info: Listening on port 3000...
2019-04-23 07:35:50.020 [vidly] info: Connected to mongodb://localhost/vidly...
2019-04-25 00:13:54.984 [vidly] info: Listening on port 3000...
2019-04-25 00:13:56.129 [vidly] info: Connected to mongodb://localhost/vidly_tests...
2019-04-25 00:14:18.425 [vidly] info: Listening on port 3000...
2019-04-25 00:14:19.529 [vidly] info: Connected to mongodb://localhost/vidly_tests...
2019-04-25 00:19:40.384 [vidly] info: Listening on port 3000...
2019-04-25 00:19:41.493 [vidly] info: Connected to mongodb://localhost/vidly_tests...
2019-04-25 00:22:21.974 [vidly] info: Listening on port 3000...
2019-04-25 00:22:23.096 [vidly] info: Connected to mongodb://localhost/vidly_tests...
2019-04-25 00:25:02.073 [vidly] info: Listening on port 3000...
2019-04-25 00:25:03.171 [vidly] info: Connected to mongodb://localhost/vidly_tests...
2019-04-25 00:27:40.875 [vidly] info: Listening on port 3000...
2019-04-25 00:27:41.980 [vidly] info: Connected to mongodb://localhost/vidly_tests...
2019-04-25 00:28:42.866 [vidly] info: Listening on port 3000...
2019-04-25 00:28:43.952 [vidly] info: Connected to mongodb://localhost/vidly_tests...
2019-04-25 00:29:44.969 [vidly] info: Listening on port 3000...
2019-04-25 00:29:46.112 [vidly] info: Connected to mongodb://localhost/vidly_tests...
2019-04-25 00:32:38.085 [vidly] info: Listening on port 3000...
2019-04-25 00:32:39.613 [vidly] info: Connected to mongodb://localhost/vidly_tests...
2019-04-25 00:44:04.257 [vidly] info: Listening on port 3000...
2019-04-25 00:44:04.754 [vidly] info: Listening on port 3000...
2019-04-25 00:44:05.520 [vidly] info: Connected to mongodb://localhost/vidly_tests...
2019-04-25 00:44:05.950 [vidly] info: Connected to mongodb://localhost/vidly_tests...
2019-04-25 00:45:54.499 [vidly] info: Listening on port 3000...
2019-04-25 00:48:34.766 [vidly] info: Listening on port 3000...
2019-04-25 00:50:12.589 [vidly] info: Listening on port 3000...
2019-04-25 00:50:54.941 [vidly] info: Listening on port 3000...
2019-04-25 00:50:55.103 [vidly] info: Listening on port 3000...
2019-04-25 00:50:56.120 [vidly] info: Connected to mongodb://localhost/vidly_tests...
2019-04-25 00:50:56.519 [vidly] info: Connected to mongodb://localhost/vidly_tests...
2019-04-25 00:55:41.905 [vidly] info: Listening on port 3000...
2019-04-25 00:55:43.012 [vidly] info: Connected to mongodb://localhost/vidly_tests...
2019-04-25 00:57:32.195 [vidly] info: Listening on port 3000...
2019-04-25 00:57:33.332 [vidly] info: Connected to mongodb://localhost/vidly_tests...
2019-04-25 00:57:57.815 [vidly] info: Listening on port 3000...
2019-04-25 00:57:58.449 [vidly] info: Listening on port 3000...
2019-04-25 00:57:58.948 [vidly] info: Connected to mongodb://localhost/vidly_tests...
2019-04-25 00:57:59.649 [vidly] info: Connected to mongodb://localhost/vidly_tests...
2019-04-25 01:00:27.684 [vidly] info: Listening on port 3000...
2019-04-25 01:00:28.486 [vidly] info: Listening on port 3000...
2019-04-25 01:00:28.800 [vidly] info: Connected to mongodb://localhost/vidly_tests...
2019-04-25 01:00:29.599 [vidly] info: Connected to mongodb://localhost/vidly_tests...
2019-04-25 01:08:57.126 [vidly] info: Listening on port 3000...
2019-04-25 01:08:57.162 [vidly] info: Listening on port 3000...
2019-04-25 01:08:58.241 [vidly] info: Connected to mongodb://localhost/vidly_tests...
2019-04-25 01:08:58.631 [vidly] info: Connected to mongodb://localhost/vidly_tests...
2019-04-25 01:09:27.904 [vidly] info: Listening on port 3000...
2019-04-25 01:09:29.015 [vidly] info: Connected to mongodb://localhost/vidly_tests...
2019-04-25 01:09:32.104 [vidly] info: Listening on port 3000...
2019-04-25 01:09:33.145 [vidly] info: Connected to mongodb://localhost/vidly_tests...
