2019-04-21 18:47:17.163 [vidly] error: uncaughtException: Invalid connection string
MongoParseError: Invalid connection string
    at parseConnectionString (c:\Projects\node\vidly\node_modules\mongodb-core\lib\uri_parser.js:412:21)
    at connect (c:\Projects\node\vidly\node_modules\mongodb\lib\operations\mongo_client_ops.js:188:3)
    at connectOp (c:\Projects\node\vidly\node_modules\mongodb\lib\operations\mongo_client_ops.js:292:3)
    at executeOperation (c:\Projects\node\vidly\node_modules\mongodb\lib\utils.js:420:24)
    at MongoClient.connect (c:\Projects\node\vidly\node_modules\mongodb\lib\mongo_client.js:168:10)
    at Promise (c:\Projects\node\vidly\node_modules\mongoose\lib\connection.js:527:12)
    at Promise._execute (c:\Projects\node\vidly\node_modules\fawn\node_modules\bluebird\js\release\debuggability.js:300:9)
    at Promise._resolveFromExecutor (c:\Projects\node\vidly\node_modules\fawn\node_modules\bluebird\js\release\promise.js:483:18)
    at new Promise (c:\Projects\node\vidly\node_modules\fawn\node_modules\bluebird\js\release\promise.js:79:10)
    at NativeConnection.Connection.openUri (c:\Projects\node\vidly\node_modules\mongoose\lib\connection.js:524:19)
    at Mongoose.connect (c:\Projects\node\vidly\node_modules\mongoose\lib\index.js:271:15)
    at module.exports (c:\Projects\node\vidly\startup\db.js:7:14)
    at Object.<anonymous> (c:\Projects\node\vidly\index.js:6:24)
    at Module._compile (internal/modules/cjs/loader.js:689:30)
    at Object.Module._extensions..js (internal/modules/cjs/loader.js:700:10)
    at Module.load (internal/modules/cjs/loader.js:599:32)
    at tryModuleLoad (internal/modules/cjs/loader.js:538:12)
    at Function.Module._load (internal/modules/cjs/loader.js:530:3)
    at Function.Module.runMain (internal/modules/cjs/loader.js:742:12)
    at startup (internal/bootstrap/node.js:282:19)
    at bootstrapNodeJSCore (internal/bootstrap/node.js:743:3)
2019-04-21 19:42:04.792 [vidly] error: uncaughtException: FATAL ERROR: jwtPrivateKey is not defined. Please set environment variable "VIDLY_jwtPrivateKey".
Error: FATAL ERROR: jwtPrivateKey is not defined. Please set environment variable "VIDLY_jwtPrivateKey".
    at module.exports (c:\Projects\node\vidly\startup\config.js:5:15)
    at Object.<anonymous> (c:\Projects\node\vidly\index.js:7:28)
    at Module._compile (internal/modules/cjs/loader.js:689:30)
    at Object.Module._extensions..js (internal/modules/cjs/loader.js:700:10)
    at Module.load (internal/modules/cjs/loader.js:599:32)
    at tryModuleLoad (internal/modules/cjs/loader.js:538:12)
    at Function.Module._load (internal/modules/cjs/loader.js:530:3)
    at Function.Module.runMain (internal/modules/cjs/loader.js:742:12)
    at startup (internal/bootstrap/node.js:282:19)
    at bootstrapNodeJSCore (internal/bootstrap/node.js:743:3)
